<?xml version="1.0" encoding="UTF-8"?>
<testng-results skipped="0" failed="0" ignored="0" total="1" passed="1">
  <reporter-output>
  </reporter-output>
  <suite name="AppiumOurkids.Practical.AppTest" duration-ms="59" started-at="2019-11-01T06:15:36Z" finished-at="2019-11-01T06:15:36Z">
    <groups>
    </groups>
    <test name="Command line test" duration-ms="59" started-at="2019-11-01T06:15:36Z" finished-at="2019-11-01T06:15:36Z">
      <class name="AppiumOurkids.Practical.AppTest">
        <test-method status="PASS" signature="testApp()[pri:0, instance:AppiumOurkids.Practical.AppTest@5d624da6]" name="testApp" duration-ms="13" started-at="2019-11-01T06:15:36Z" finished-at="2019-11-01T06:15:36Z">
          <reporter-output>
          </reporter-output>
        </test-method> <!-- testApp -->
      </class> <!-- AppiumOurkids.Practical.AppTest -->
    </test> <!-- Command line test -->
  </suite> <!-- AppiumOurkids.Practical.AppTest -->
</testng-results>
